d:\visual_studio_files\ray_tracing_series\ray_tracing_in_one_weekend\ray_trac.b93963bb\x64\debug\vc143.pdb
d:\visual_studio_files\ray_tracing_series\ray_tracing_in_one_weekend\ray_trac.b93963bb\x64\debug\vc143.idb
d:\visual_studio_files\ray_tracing_series\ray_tracing_in_one_weekend\ray_trac.b93963bb\x64\debug\vec3.obj
d:\visual_studio_files\ray_tracing_series\ray_tracing_in_one_weekend\ray_trac.b93963bb\x64\debug\stb_image.obj
d:\visual_studio_files\ray_tracing_series\ray_tracing_in_one_weekend\ray_trac.b93963bb\x64\debug\main.obj
d:\visual_studio_files\ray_tracing_series\ray_tracing_in_one_weekend\ray_trac.b93963bb\x64\debug\interval.obj
d:\visual_studio_files\ray_tracing_series\ray_tracing_in_one_weekend\ray_trac.b93963bb\x64\debug\hittable_list.obj
d:\visual_studio_files\ray_tracing_series\ray_tracing_in_one_weekend\ray_trac.b93963bb\x64\debug\color.obj
d:\visual_studio_files\ray_tracing_series\ray_tracing_in_one_weekend\ray_trac.b93963bb\x64\debug\camera.obj
d:\visual_studio_files\ray_tracing_series\ray_tracing_in_one_weekend\ray_trac.b93963bb\x64\debug\aabb.obj
d:\visual_studio_files\ray_tracing_series\ray_tracing_in_one_weekend\x64\debug\ray_tracing_in_one_weekend.exe
d:\visual_studio_files\ray_tracing_series\ray_tracing_in_one_weekend\x64\debug\ray_tracing_in_one_weekend.pdb
d:\visual_studio_files\ray_tracing_series\ray_tracing_in_one_weekend\ray_trac.b93963bb\x64\debug\ray_tracing_in_one_weekend.ilk
d:\visual_studio_files\ray_tracing_series\ray_tracing_in_one_weekend\ray_trac.b93963bb\x64\debug\hittable_list.new.obj.enc
d:\visual_studio_files\ray_tracing_series\ray_tracing_in_one_weekend\ray_trac.b93963bb\x64\debug\main.new.obj.enc
d:\visual_studio_files\ray_tracing_series\ray_tracing_in_one_weekend\ray_trac.b93963bb\x64\debug\ray_trac.b93963bb.tlog\cl.command.1.tlog
d:\visual_studio_files\ray_tracing_series\ray_tracing_in_one_weekend\ray_trac.b93963bb\x64\debug\ray_trac.b93963bb.tlog\cl.items.tlog
d:\visual_studio_files\ray_tracing_series\ray_tracing_in_one_weekend\ray_trac.b93963bb\x64\debug\ray_trac.b93963bb.tlog\cl.read.1.tlog
d:\visual_studio_files\ray_tracing_series\ray_tracing_in_one_weekend\ray_trac.b93963bb\x64\debug\ray_trac.b93963bb.tlog\cl.write.1.tlog
d:\visual_studio_files\ray_tracing_series\ray_tracing_in_one_weekend\ray_trac.b93963bb\x64\debug\ray_trac.b93963bb.tlog\link.command.1.tlog
d:\visual_studio_files\ray_tracing_series\ray_tracing_in_one_weekend\ray_trac.b93963bb\x64\debug\ray_trac.b93963bb.tlog\link.read.1.tlog
d:\visual_studio_files\ray_tracing_series\ray_tracing_in_one_weekend\ray_trac.b93963bb\x64\debug\ray_trac.b93963bb.tlog\link.secondary.1.tlog
d:\visual_studio_files\ray_tracing_series\ray_tracing_in_one_weekend\ray_trac.b93963bb\x64\debug\ray_trac.b93963bb.tlog\link.write.1.tlog
